  Application.cpp
  Color.cpp
  glmath.cpp
C:\Users\paula\Desktop\RaceCarHandout\Fisica\glmath.cpp(12,13): warning C4244: 'return': conversion from 'double' to 'float', possible loss of data
C:\Users\paula\Desktop\RaceCarHandout\Fisica\glmath.cpp(27,17): warning C4244: 'argument': conversion from 'double' to 'float', possible loss of data
C:\Users\paula\Desktop\RaceCarHandout\Fisica\glmath.cpp(43,34): warning C4244: 'argument': conversion from 'double' to 'float', possible loss of data
C:\Users\paula\Desktop\RaceCarHandout\Fisica\glmath.cpp(53,10): warning C4244: 'initializing': conversion from 'double' to 'float', possible loss of data
C:\Users\paula\Desktop\RaceCarHandout\Fisica\glmath.cpp(53,26): warning C4244: 'initializing': conversion from 'double' to 'float', possible loss of data
C:\Users\paula\Desktop\RaceCarHandout\Fisica\glmath.cpp(72,13): warning C4244: 'return': conversion from 'double' to 'float', possible loss of data
C:\Users\paula\Desktop\RaceCarHandout\Fisica\glmath.cpp(87,17): warning C4244: 'argument': conversion from 'double' to 'float', possible loss of data
C:\Users\paula\Desktop\RaceCarHandout\Fisica\glmath.cpp(103,34): warning C4244: 'argument': conversion from 'double' to 'float', possible loss of data
C:\Users\paula\Desktop\RaceCarHandout\Fisica\glmath.cpp(600,13): warning C4244: 'initializing': conversion from 'double' to 'float', possible loss of data
C:\Users\paula\Desktop\RaceCarHandout\Fisica\glmath.cpp(618,10): warning C4244: 'initializing': conversion from 'double' to 'float', possible loss of data
C:\Users\paula\Desktop\RaceCarHandout\Fisica\glmath.cpp(618,33): warning C4244: 'initializing': conversion from 'double' to 'float', possible loss of data
C:\Users\paula\Desktop\RaceCarHandout\Fisica\glmath.cpp(758,13): warning C4244: 'initializing': conversion from 'double' to 'float', possible loss of data
C:\Users\paula\Desktop\RaceCarHandout\Fisica\glmath.cpp(778,10): warning C4244: 'initializing': conversion from 'double' to 'float', possible loss of data
C:\Users\paula\Desktop\RaceCarHandout\Fisica\glmath.cpp(778,33): warning C4244: 'initializing': conversion from 'double' to 'float', possible loss of data
  Light.cpp
  log.cpp
  Main.cpp
  ModuleAudio.cpp
  ModuleCamera3D.cpp
  ModuleInput.cpp
  ModulePhysics3D.cpp
  ModulePlayer.cpp
  ModuleRenderer3D.cpp
  ModuleSceneIntro.cpp
  ModuleWindow.cpp
  PhysBody3D.cpp
  PhysVehicle3D.cpp
  Primitive.cpp
  Timer.cpp
  Generating code
LINK : fatal error C1001: Internal compiler error.
  (compiler file 'd:\agent\_work\8\s\src\vctools\Compiler\Utc\src\p2\main.c', line 195)
   To work around this problem, try simplifying or changing the program near the locations listed above.
  If possible please provide a repro here: https://developercommunity.visualstudio.com 
  Please choose the Technical Support command on the Visual C++ 
   Help menu, or open the Technical Support help file for more information
    link!InvokeCompilerPass()+0x3c7a9
    link!InvokeCompilerPass()+0x2e20d
    link!InvokeCompilerPass()+0x2e112
    link!InvokeCompilerPass()+0x3b5a0
  
  
LINK : fatal error LNK1000: Internal error during IMAGE::BuildImage
